<?xml version="1.0" encoding="UTF-8"?>
<testsuite xmlns:xsi="http://www.w3.org/2001/XMLSchema-instance" xsi:noNamespaceSchemaLocation="https://maven.apache.org/surefire/maven-surefire-plugin/xsd/surefire-test-report-3.0.xsd" version="3.0" name="com.project.socialMedia.SocialMediaApplicationTests" time="1.869" tests="1" errors="0" skipped="0" failures="0">
  <properties>
[...]
</properties>
  <testcase name="contextLoads" classname="com.project.socialMedia.SocialMediaApplicationTests" time="0.266">
    <system-out><![CDATA[20:46:32.699 [main] INFO org.springframework.test.context.support.AnnotationConfigContextLoaderUtils -- Could not detect default configuration classes for test class [com.project.socialMedia.SocialMediaApplicationTests]: SocialMediaApplicationTests does not declare any static, non-private, non-final, nested classes annotated with @Configuration.
20:46:32.734 [main] INFO org.springframework.boot.test.context.SpringBootTestContextBootstrapper -- Found @SpringBootConfiguration com.project.socialMedia.SocialMediaApplication for test class com.project.socialMedia.SocialMediaApplicationTests

  .   ____          _            __ _ _
 /\\ / ___'_ __ _ _(_)_ __  __ _ \ \ \ \
( ( )\___ | '_ | '_| | '_ \/ _` | \ \ \ \
 \\/  ___)| |_)| | | | | || (_| |  ) ) ) )
  '  |____| .__|_| |_|_| |_\__, | / / / /
 =========|_|==============|___/=/_/_/_/
 :: Spring Boot ::                (v3.2.5)

2024-04-30T20:46:32.860+05:30  INFO 81341 --- [socialMedia] [           main] c.p.s.SocialMediaApplicationTests        : Starting SocialMediaApplicationTests using Java 17.0.10 with PID 81341 (started by harshitaashwani in /Users/harshitaashwani/Downloads/socialMedia)
2024-04-30T20:46:32.860+05:30  INFO 81341 --- [socialMedia] [           main] c.p.s.SocialMediaApplicationTests        : No active profile set, falling back to 1 default profile: "default"
2024-04-30T20:46:33.096+05:30  INFO 81341 --- [socialMedia] [           main] .s.d.r.c.RepositoryConfigurationDelegate : Bootstrapping Spring Data JPA repositories in DEFAULT mode.
2024-04-30T20:46:33.153+05:30  INFO 81341 --- [socialMedia] [           main] .s.d.r.c.RepositoryConfigurationDelegate : Finished Spring Data repository scanning in 53 ms. Found 3 JPA repository interfaces.
2024-04-30T20:46:33.325+05:30  INFO 81341 --- [socialMedia] [           main] o.hibernate.jpa.internal.util.LogHelper  : HHH000204: Processing PersistenceUnitInfo [name: default]
2024-04-30T20:46:33.350+05:30  INFO 81341 --- [socialMedia] [           main] org.hibernate.Version                    : HHH000412: Hibernate ORM core version 6.4.4.Final
2024-04-30T20:46:33.364+05:30  INFO 81341 --- [socialMedia] [           main] o.h.c.internal.RegionFactoryInitiator    : HHH000026: Second-level cache disabled
2024-04-30T20:46:33.452+05:30  INFO 81341 --- [socialMedia] [           main] o.s.o.j.p.SpringPersistenceUnitInfo      : No LoadTimeWeaver setup: ignoring JPA class transformer
2024-04-30T20:46:33.461+05:30  INFO 81341 --- [socialMedia] [           main] com.zaxxer.hikari.HikariDataSource       : HikariPool-1 - Starting...
2024-04-30T20:46:33.523+05:30  INFO 81341 --- [socialMedia] [           main] com.zaxxer.hikari.pool.HikariPool        : HikariPool-1 - Added connection conn0: url=jdbc:h2:mem:testdb user=SA
2024-04-30T20:46:33.524+05:30  INFO 81341 --- [socialMedia] [           main] com.zaxxer.hikari.HikariDataSource       : HikariPool-1 - Start completed.
2024-04-30T20:46:33.532+05:30  WARN 81341 --- [socialMedia] [           main] org.hibernate.dialect.Dialect            : HHH000511: The 1.4.200 version for [org.hibernate.dialect.H2Dialect] is no longer supported, hence certain features may not work properly. The minimum supported version is 2.1.214. Check the community dialects project for available legacy versions.
2024-04-30T20:46:33.535+05:30  WARN 81341 --- [socialMedia] [           main] org.hibernate.orm.deprecation            : HHH90000025: H2Dialect does not need to be specified explicitly using 'hibernate.dialect' (remove the property setting and it will be selected by default)
2024-04-30T20:46:33.873+05:30  INFO 81341 --- [socialMedia] [           main] o.h.e.t.j.p.i.JtaPlatformInitiator       : HHH000489: No JTA platform available (set 'hibernate.transaction.jta.platform' to enable JTA platform integration)
Hibernate: create table comment (commentid bigint generated by default as identity, comment_body varchar(255), name varchar(255), userid bigint, postid bigint, post_id bigint not null, primary key (commentid))
Hibernate: create table posts (id bigint generated by default as identity, date timestamp(6) not null, post_body varchar(255) not null, user_id bigint not null, primary key (id))
Hibernate: create table users (id bigint generated by default as identity, email varchar(255), name varchar(255), password varchar(255), primary key (id))
Hibernate: alter table if exists comment add constraint FK7jok1s6lywoh0srylq8lt7tmn foreign key (post_id) references posts
2024-04-30T20:46:33.915+05:30  INFO 81341 --- [socialMedia] [           main] j.LocalContainerEntityManagerFactoryBean : Initialized JPA EntityManagerFactory for persistence unit 'default'
2024-04-30T20:46:34.098+05:30  WARN 81341 --- [socialMedia] [           main] JpaBaseConfiguration$JpaWebConfiguration : spring.jpa.open-in-view is enabled by default. Therefore, database queries may be performed during view rendering. Explicitly configure spring.jpa.open-in-view to disable this warning
2024-04-30T20:46:34.234+05:30  INFO 81341 --- [socialMedia] [           main] c.p.s.SocialMediaApplicationTests        : Started SocialMediaApplicationTests in 1.451 seconds (process running for 1.78)
]]></system-out>
  </testcase>
</testsuite>